SF:/Users/eliasraess/Documents/Lehre/Schule/BBZW/M426/Pair Programming Auftrag/knobelscheit/demo.ts
FN:1,formattedAddition
FNDA:3,formattedAddition
FNF:1
FNH:1
BRF:0
BRH:0
DA:1,1
DA:2,3
DA:3,3
DA:5,1
LH:4
LF:4
end_of_record
SF:/Users/eliasraess/Documents/Lehre/Schule/BBZW/M426/Pair Programming Auftrag/knobelscheit/dice.ts
FN:1,sumDice
FN:5,rollDice
FNDA:1,sumDice
FNDA:10,rollDice
FNF:2
FNH:2
BRF:0
BRH:0
DA:1,1
DA:2,1
DA:3,1
DA:5,1
DA:6,10
DA:7,10
LH:6
LF:6
end_of_record
SF:/Users/eliasraess/Documents/Lehre/Schule/BBZW/M426/Pair Programming Auftrag/knobelscheit/knobelscheit.ts
FN:2,<instance_members_initializer>
FN:4,flip
FN:20,checkWin
FN:27,checkIfLost
FNDA:6,<instance_members_initializer>
FNDA:6,flip
FNDA:2,checkWin
FNDA:2,checkIfLost
FNF:4
FNH:4
BRDA:10,2,0,5
BRDA:10,2,1,1
BRDA:15,2,0,1
BRDA:15,2,1,5
BRDA:21,5,0,1
BRDA:21,5,1,1
BRDA:30,6,0,18
BRDA:32,6,0,2
BRDA:32,6,1,16
BRDA:37,6,0,1
BRDA:37,6,1,1
BRF:11
BRH:11
DA:1,1
DA:2,1
DA:4,1
DA:5,6
DA:6,6
DA:7,33
DA:8,6
DA:10,6
DA:11,5
DA:12,31
DA:13,5
DA:14,5
DA:15,6
DA:16,1
DA:17,1
DA:18,6
DA:20,1
DA:21,2
DA:22,1
DA:23,1
DA:24,1
DA:25,1
DA:26,2
DA:27,1
DA:28,2
DA:29,2
DA:30,2
DA:31,18
DA:32,18
DA:33,2
DA:34,2
DA:35,18
DA:36,2
DA:37,2
DA:38,1
DA:39,1
DA:41,1
DA:42,1
DA:43,1
DA:45,2
DA:46,1
LH:41
LF:41
end_of_record
