SF:/Users/oiven/Library/CloudStorage/OneDrive-Personal/Nevio-Oiven/Schule/Berufsfachschule/2.LJ/2.Semester/M426/knobelscheit/demo.ts
FN:1,formattedAddition
FNDA:3,formattedAddition
FNF:1
FNH:1
BRF:0
BRH:0
DA:1,1
DA:2,3
DA:3,3
DA:5,1
LH:4
LF:4
end_of_record
SF:/Users/oiven/Library/CloudStorage/OneDrive-Personal/Nevio-Oiven/Schule/Berufsfachschule/2.LJ/2.Semester/M426/knobelscheit/dice.ts
FN:1,rollDice
FN:5,rollTwoDice
FNDA:4,rollDice
FNDA:1,rollTwoDice
FNF:2
FNH:2
BRF:0
BRH:0
DA:1,1
DA:2,4
DA:3,4
DA:5,1
DA:6,1
DA:7,1
DA:9,1
DA:10,1
DA:11,1
DA:12,1
DA:14,1
DA:15,1
DA:16,1
DA:17,1
DA:18,1
DA:19,1
DA:20,1
LH:17
LF:17
end_of_record
SF:/Users/oiven/Library/CloudStorage/OneDrive-Personal/Nevio-Oiven/Schule/Berufsfachschule/2.LJ/2.Semester/M426/knobelscheit/knobelscheit.ts
FN:4,<instance_members_initializer>
FN:8,remainingNumbers
FN:11,alreadyFlippedNumbers
FN:14,gameOver
FN:19,canFlip
FN:22,flip
FNDA:4,<instance_members_initializer>
FNDA:2,remainingNumbers
FNDA:1,alreadyFlippedNumbers
FNDA:1,gameOver
FNDA:8,canFlip
FNDA:4,flip
FNF:6
FNH:6
BRDA:23,6,0,0
BRDA:23,6,1,4
BRDA:30,6,0,8
BRDA:31,6,0,0
BRDA:31,6,1,8
BRDA:35,6,0,1
BRDA:35,6,1,7
BRDA:37,6,0,7
BRDA:37,6,1,1
BRDA:41,6,0,3
BRDA:41,6,1,1
BRDA:43,6,0,1
BRDA:43,6,1,3
BRDA:45,6,0,2
BRDA:45,6,1,2
BRDA:50,6,0,2
BRDA:50,6,1,2
BRF:17
BRH:15
DA:3,1
DA:4,4
DA:5,1
DA:8,1
DA:9,2
DA:10,2
DA:11,1
DA:12,1
DA:13,1
DA:14,1
DA:16,1
DA:18,1
DA:19,1
DA:20,8
DA:21,8
DA:22,1
DA:23,0
DA:24,0
DA:25,0
DA:27,4
DA:28,4
DA:30,4
DA:31,0
DA:32,0
DA:33,0
DA:35,8
DA:36,1
DA:37,1
DA:39,7
DA:40,7
DA:41,7
DA:43,4
DA:44,1
DA:45,1
DA:47,4
DA:48,4
DA:49,4
DA:50,4
DA:52,2
DA:53,4
DA:57,1
LH:35
LF:41
end_of_record
